#
# There is insufficient memory for the Java Runtime Environment to continue.
# Native memory allocation (malloc) failed to allocate 1048576 bytes for AllocateHeap
# Possible reasons:
#   The system is out of physical RAM or swap space
#   The process is running with CompressedOops enabled, and the Java Heap may be blocking the growth of the native heap
# Possible solutions:
#   Reduce memory load on the system
#   Increase physical memory or swap space
#   Check if swap backing store is full
#   Decrease Java heap size (-Xmx/-Xms)
#   Decrease number of Java threads
#   Decrease Java thread stack sizes (-Xss)
#   Set larger code cache with -XX:ReservedCodeCacheSize=
#   JVM is running with Unscaled Compressed Oops mode in which the Java heap is
#     placed in the first 4GB address space. The Java Heap base address is the
#     maximum limit for the native heap growth. Please use -XX:HeapBaseMinAddress
#     to set the Java Heap base and to place the Java Heap above 4GB virtual address.
# This output file may be truncated or incomplete.
#
#  Out of Memory Error (memory/allocation.inline.hpp:61), pid=30416, tid=0x0000000000006524
#
# JRE version:  (8.0_321-b07) (build )
# Java VM: Java HotSpot(TM) 64-Bit Server VM (25.321-b07 mixed mode windows-amd64 compressed oops)
# Failed to write core dump. Minidumps are not enabled by default on client versions of Windows
#

---------------  T H R E A D  ---------------

Current thread (0x0000021cd0138800):  JavaThread "Unknown thread" [_thread_in_vm, id=25892, stack(0x0000009f89300000,0x0000009f89400000)]

Stack: [0x0000009f89300000,0x0000009f89400000]
Native frames: (J=compiled Java code, j=interpreted, Vv=VM code, C=native code)
V  [jvm.dll+0x32fc49]
V  [jvm.dll+0x2761a2]
V  [jvm.dll+0x276e4d]
V  [jvm.dll+0x26d7f5]
V  [jvm.dll+0x509d]
V  [jvm.dll+0x3d43b3]
V  [jvm.dll+0x3d4dc8]
V  [jvm.dll+0xfd2ff]
V  [jvm.dll+0x20a8eb]
V  [jvm.dll+0x239417]
V  [jvm.dll+0x162e26]
C  [java.exe+0x2312]
C  [java.exe+0x15f54]
C  [KERNEL32.DLL+0x174b4]
C  [ntdll.dll+0x526a1]


---------------  P R O C E S S  ---------------

Java Threads: ( => current thread )

Other Threads:

=>0x0000021cd0138800 (exited) JavaThread "Unknown thread" [_thread_in_vm, id=25892, stack(0x0000009f89300000,0x0000009f89400000)]

VM state:not at safepoint (normal execution)

VM Mutex/Monitor currently owned by a thread: None

heap address: 0x0000000083000000, size: 2000 MB, Compressed Oops mode: 32-bit
Narrow klass base: 0x0000000000000000, Narrow klass shift: 3
Compressed class space size: 1073741824 Address: 0x0000000100000000

Heap:
 PSYoungGen      total 37888K, used 655K [0x00000000d6580000, 0x00000000d8f80000, 0x0000000100000000)
  eden space 32768K, 2% used [0x00000000d6580000,0x00000000d6623d80,0x00000000d8580000)
  from space 5120K, 0% used [0x00000000d8a80000,0x00000000d8a80000,0x00000000d8f80000)
  to   space 5120K, 0% used [0x00000000d8580000,0x00000000d8580000,0x00000000d8a80000)
 ParOldGen       total 86016K, used 0K [0x0000000083000000, 0x0000000088400000, 0x00000000d6580000)
  object space 86016K, 0% used [0x0000000083000000,0x0000000083000000,0x0000000088400000)
 Metaspace       used 778K, capacity 4480K, committed 4480K, reserved 1056768K
  class space    used 76K, capacity 384K, committed 384K, reserved 1048576K

Card table byte_map: [0x0000021ce0e20000,0x0000021ce1210000] byte_map_base: 0x0000021ce0a08000

Marking Bits: (ParMarkBitMap*) 0x0000000052749030
 Begin Bits: [0x0000021ce14b0000, 0x0000021ce33f0000)
 End Bits:   [0x0000021ce33f0000, 0x0000021ce5330000)

Polling page: 0x0000021cd0280000

CodeCache: size=245760Kb used=329Kb max_used=329Kb free=245430Kb
 bounds [0x0000021cd1a60000, 0x0000021cd1cd0000, 0x0000021ce0a60000]
 total_blobs=58 nmethods=0 adapters=38
 compilation: enabled

Compilation events (0 events):
No events

GC Heap History (0 events):
No events

Deoptimization events (0 events):
No events

Classes redefined (0 events):
No events

Internal exceptions (0 events):
No events

Events (10 events):
Event: 0.040 loading class java/lang/Short
Event: 0.040 loading class java/lang/Short done
Event: 0.040 loading class java/lang/Integer
Event: 0.040 loading class java/lang/Integer done
Event: 0.040 loading class java/lang/Long
Event: 0.040 loading class java/lang/Long done
Event: 0.040 loading class java/lang/NullPointerException
Event: 0.040 loading class java/lang/NullPointerException done
Event: 0.040 loading class java/lang/ArithmeticException
Event: 0.040 loading class java/lang/ArithmeticException done


Dynamic libraries:
0x00007ff755710000 - 0x00007ff755757000 	C:\Program Files\Java\jdk1.8.0_321\bin\java.exe
0x00007ffc4f9b0000 - 0x00007ffc4fba8000 	C:\WINDOWS\SYSTEM32\ntdll.dll
0x00007ffc38430000 - 0x00007ffc38447000 	C:\Program Files\AVAST Software\Avast\aswhook.dll
0x00007ffc4e540000 - 0x00007ffc4e5ff000 	C:\WINDOWS\System32\KERNEL32.DLL
0x00007ffc4d1b0000 - 0x00007ffc4d482000 	C:\WINDOWS\System32\KERNELBASE.dll
0x00007ffc4dbe0000 - 0x00007ffc4dc8e000 	C:\WINDOWS\System32\ADVAPI32.dll
0x00007ffc4db40000 - 0x00007ffc4dbde000 	C:\WINDOWS\System32\msvcrt.dll
0x00007ffc4ded0000 - 0x00007ffc4df6c000 	C:\WINDOWS\System32\sechost.dll
0x00007ffc4df70000 - 0x00007ffc4e095000 	C:\WINDOWS\System32\RPCRT4.dll
0x00007ffc4dd20000 - 0x00007ffc4debd000 	C:\WINDOWS\System32\USER32.dll
0x00007ffc4d790000 - 0x00007ffc4d7b2000 	C:\WINDOWS\System32\win32u.dll
0x00007ffc4e510000 - 0x00007ffc4e53b000 	C:\WINDOWS\System32\GDI32.dll
0x00007ffc4d7c0000 - 0x00007ffc4d8cf000 	C:\WINDOWS\System32\gdi32full.dll
0x00007ffc4d490000 - 0x00007ffc4d52d000 	C:\WINDOWS\System32\msvcp_win.dll
0x00007ffc4d0b0000 - 0x00007ffc4d1b0000 	C:\WINDOWS\System32\ucrtbase.dll
0x00007ffc388b0000 - 0x00007ffc38b4a000 	C:\WINDOWS\WinSxS\amd64_microsoft.windows.common-controls_6595b64144ccf1df_6.0.19041.1110_none_60b5254171f9507e\COMCTL32.dll
0x00007ffc4eb10000 - 0x00007ffc4eb42000 	C:\WINDOWS\System32\IMM32.DLL
0x00007ffc3f680000 - 0x00007ffc3f695000 	C:\Program Files\Java\jdk1.8.0_321\jre\bin\vcruntime140.dll
0x00007ffc22320000 - 0x00007ffc223bb000 	C:\Program Files\Java\jdk1.8.0_321\jre\bin\msvcp140.dll
0x0000000051f60000 - 0x00000000527c1000 	C:\Program Files\Java\jdk1.8.0_321\jre\bin\server\jvm.dll
0x00007ffc4e600000 - 0x00007ffc4e608000 	C:\WINDOWS\System32\PSAPI.DLL
0x00007ffc38b60000 - 0x00007ffc38b87000 	C:\WINDOWS\SYSTEM32\WINMM.dll
0x00007ffc41a30000 - 0x00007ffc41a3a000 	C:\WINDOWS\SYSTEM32\VERSION.dll
0x00007ffc3d2f0000 - 0x00007ffc3d2f9000 	C:\WINDOWS\SYSTEM32\WSOCK32.dll
0x00007ffc4f300000 - 0x00007ffc4f36b000 	C:\WINDOWS\System32\WS2_32.dll
0x00007ffc4b900000 - 0x00007ffc4b912000 	C:\WINDOWS\SYSTEM32\kernel.appcore.dll
0x00007ffc44050000 - 0x00007ffc44060000 	C:\Program Files\Java\jdk1.8.0_321\jre\bin\verify.dll
0x00007ffc3d000000 - 0x00007ffc3d02b000 	C:\Program Files\Java\jdk1.8.0_321\jre\bin\java.dll
0x00007ffc443a0000 - 0x00007ffc443d0000 	C:\Program Files\Java\jdk1.8.0_321\jre\bin\instrument.dll
0x00007ffc3d760000 - 0x00007ffc3d778000 	C:\Program Files\Java\jdk1.8.0_321\jre\bin\zip.dll
0x00007ffc47c90000 - 0x00007ffc47e74000 	C:\WINDOWS\SYSTEM32\dbghelp.dll
0x00007ffc4d530000 - 0x00007ffc4d5b2000 	C:\WINDOWS\System32\bcryptPrimitives.dll

VM Arguments:
jvm_args: -Dmaven.multiModuleProjectDirectory=D:\Projects\GeekBrains\backendAutomationLessons -Dmaven.home=C:\Program Files\JetBrains\IntelliJ IDEA Community Edition 2021.3.3\plugins\maven\lib\maven3 -Dclassworlds.conf=C:\Program Files\JetBrains\IntelliJ IDEA Community Edition 2021.3.3\plugins\maven\lib\maven3\bin\m2.conf -Dmaven.ext.class.path=C:\Program Files\JetBrains\IntelliJ IDEA Community Edition 2021.3.3\plugins\maven\lib\maven-event-listener.jar -javaagent:C:\Program Files\JetBrains\IntelliJ IDEA Community Edition 2021.3.3\lib\idea_rt.jar=51554:C:\Program Files\JetBrains\IntelliJ IDEA Community Edition 2021.3.3\bin -Dfile.encoding=UTF-8 
java_command: org.codehaus.classworlds.Launcher -Didea.version=2021.3.3 test
java_class_path (initial): C:\Program Files\JetBrains\IntelliJ IDEA Community Edition 2021.3.3\plugins\maven\lib\maven3\boot\plexus-classworlds-2.6.0.jar;C:\Program Files\JetBrains\IntelliJ IDEA Community Edition 2021.3.3\plugins\maven\lib\maven3\boot\plexus-classworlds.license;C:\Program Files\JetBrains\IntelliJ IDEA Community Edition 2021.3.3\lib\idea_rt.jar
Launcher Type: SUN_STANDARD

Environment Variables:
PATH=C:\Python310\Scripts\;C:\Python310\;C:\Program Files (x86)\Common Files\Oracle\Java\javapath;C:\Windows\system32;C:\Windows;C:\Windows\System32\Wbem;C:\Windows\System32\WindowsPowerShell\v1.0\;C:\Windows\System32\OpenSSH\;C:\Program Files (x86)\NVIDIA Corporation\PhysX\Common;C:\Program Files\NVIDIA Corporation\NVIDIA NvDLISR;C:\WINDOWS\system32;C:\WINDOWS;C:\WINDOWS\System32\Wbem;C:\WINDOWS\System32\WindowsPowerShell\v1.0\;C:\WINDOWS\System32\OpenSSH\;C:\Program Files (x86)\PICT\;C:\Program Files\Git\cmd;C:\Program Files\nodejs\;C:\ProgramData\chocolatey\bin;C:\Program Files\MySQL\MySQL Server 8.0\bin;C:\Users\admin\AppData\Local\Microsoft\WindowsApps;C:\Users\admin\AppData\Local\Programs\Fiddler;C:\Program Files\mongosh-1.3.1-win32-x64\bin;C:\Program Files\Java\jdk1.8.0_321\bin;C:\Program Files\JetBrains\IntelliJ IDEA Community Edition 2021.3.3\bin;C:\Program Files\Git\bin;C:\Users\admin\AppData\Local\gitkraken\bin;C:\Gradle\gradle-7.4.2\bin;C:\Maven\apache-maven-3.8.5\bin;C:\Users\admin\AppData\Local\atom\bin;D:\Tools\scala3-3.1.2\bin;C:\Users\admin\AppData\Roaming\npm;D:\Tools\Microsoft VS Code\bin;;D:\Tools\Fiddler
USERNAME=admin
OS=Windows_NT
PROCESSOR_IDENTIFIER=Intel64 Family 6 Model 142 Stepping 12, GenuineIntel



---------------  S Y S T E M  ---------------

OS: Windows 10 , 64 bit Build 19041 (10.0.19041.2251)

CPU:total 8 (initial active 8) (4 cores per cpu, 2 threads per core) family 6 model 142 stepping 12, cmov, cx8, fxsr, mmx, sse, sse2, sse3, ssse3, sse4.1, sse4.2, popcnt, avx, avx2, aes, clmul, erms, 3dnowpref, lzcnt, ht, tsc, tscinvbit, bmi1, bmi2, adx

Memory: 4k page, physical 8188852k(621476k free), swap 24560676k(3240k free)

vm_info: Java HotSpot(TM) 64-Bit Server VM (25.321-b07) for windows-amd64 JRE (1.8.0_321-b07), built on Dec 15 2021 11:19:20 by "java_re" with MS VC++ 15.9 (VS2017)

time: Tue Nov 29 11:12:21 2022
timezone: Russia TZ 2 Standard Time
elapsed time: 0.091681 seconds (0d 0h 0m 0s)

